basicSample/build/outputs/logs/manifest-merger-debug-report.txt
-- Merging decision tree log ---
manifest
ADDED from src\main\AndroidManifest.xml:2:1-105:12
INJECTED from src\main\AndroidManifest.xml:2:1-105:12
INJECTED from src\main\AndroidManifest.xml:2:1-105:12
INJECTED from src\main\AndroidManifest.xml:2:1-105:12
MERGED from [:aFileChooser] AndroidManifest.xml:17:1-24:12
INJECTED from src\main\AndroidManifest.xml:2:1-105:12
INJECTED from src\main\AndroidManifest.xml:2:1-105:12
INJECTED from src\main\AndroidManifest.xml:2:1-105:12
	package
		ADDED from src\main\AndroidManifest.xml:3:5-36
		INJECTED from src\main\AndroidManifest.xml
		INJECTED from src\main\AndroidManifest.xml
	android:versionName
		ADDED from src\main\AndroidManifest.xml:5:5-30
		INJECTED from src\main\AndroidManifest.xml
		INJECTED from src\main\AndroidManifest.xml
	xmlns:android
		ADDED from src\main\AndroidManifest.xml:2:11-69
	android:versionCode
		ADDED from src\main\AndroidManifest.xml:4:5-28
		INJECTED from src\main\AndroidManifest.xml
		INJECTED from src\main\AndroidManifest.xml
uses-feature#android.hardware.usb.host
ADDED from src\main\AndroidManifest.xml:7:5-62
	android:name
		ADDED from src\main\AndroidManifest.xml:7:19-59
uses-permission#android.permission.ACCESS_NETWORK_STATE
ADDED from src\main\AndroidManifest.xml:9:5-79
	android:name
		ADDED from src\main\AndroidManifest.xml:9:22-76
uses-permission#android.permission.WRITE_OWNER_DATA
ADDED from src\main\AndroidManifest.xml:10:5-75
	android:name
		ADDED from src\main\AndroidManifest.xml:10:22-72
uses-permission#android.permission.READ_OWNER_DATA
ADDED from src\main\AndroidManifest.xml:11:5-74
	android:name
		ADDED from src\main\AndroidManifest.xml:11:22-71
uses-permission#android.permission.INTERNET
ADDED from src\main\AndroidManifest.xml:12:5-67
	android:name
		ADDED from src\main\AndroidManifest.xml:12:22-64
uses-permission#android.permission.WRITE_EXTERNAL_STORAGE
ADDED from src\main\AndroidManifest.xml:13:5-81
	android:name
		ADDED from src\main\AndroidManifest.xml:13:22-78
application
ADDED from src\main\AndroidManifest.xml:16:5-103:19
	android:label
		ADDED from src\main\AndroidManifest.xml:19:9-41
	android:icon
		ADDED from src\main\AndroidManifest.xml:18:9-48
	android:allowBackup
		ADDED from src\main\AndroidManifest.xml:17:9-35
	android:theme
		ADDED from src\main\AndroidManifest.xml:20:9-56
activity#com.urban.basicsample.core.SampleActivity
ADDED from src\main\AndroidManifest.xml:21:9-24:20
	android:label
		ADDED from src\main\AndroidManifest.xml:23:13-49
	android:name
		ADDED from src\main\AndroidManifest.xml:22:13-48
activity#com.urban.basicsample.core.FPDisplay
ADDED from src\main\AndroidManifest.xml:25:9-27:41
	android:label
		ADDED from src\main\AndroidManifest.xml:27:13-38
	android:name
		ADDED from src\main\AndroidManifest.xml:26:13-43
activity#com.urban.basicsample.LoginActivity
ADDED from src\main\AndroidManifest.xml:28:9-44:20
	android:screenOrientation
		ADDED from src\main\AndroidManifest.xml:31:13-49
	android:label
		ADDED from src\main\AndroidManifest.xml:30:13-57
	android:name
		ADDED from src\main\AndroidManifest.xml:29:13-42
intent-filter#action:name:android.intent.action.MAIN+category:name:android.intent.category.LAUNCHER
ADDED from src\main\AndroidManifest.xml:32:13-36:29
action#android.intent.action.MAIN
ADDED from src\main\AndroidManifest.xml:33:17-69
	android:name
		ADDED from src\main\AndroidManifest.xml:33:25-66
category#android.intent.category.LAUNCHER
ADDED from src\main\AndroidManifest.xml:35:17-77
	android:name
		ADDED from src\main\AndroidManifest.xml:35:27-74
intent-filter#action:name:android.hardware.usb.action.USB_DEVICE_ATTACHED
ADDED from src\main\AndroidManifest.xml:37:13-39:29
action#android.hardware.usb.action.USB_DEVICE_ATTACHED
ADDED from src\main\AndroidManifest.xml:38:17-90
	android:name
		ADDED from src\main\AndroidManifest.xml:38:25-87
meta-data#android.hardware.usb.action.USB_DEVICE_ATTACHED
ADDED from src\main\AndroidManifest.xml:41:13-43:57
	android:resource
		ADDED from src\main\AndroidManifest.xml:43:17-54
	android:name
		ADDED from src\main\AndroidManifest.xml:42:17-79
activity#com.urban.basicsample.MainActivity
ADDED from src\main\AndroidManifest.xml:45:9-49:20
	android:screenOrientation
		ADDED from src\main\AndroidManifest.xml:48:13-49
	android:label
		ADDED from src\main\AndroidManifest.xml:47:13-56
	android:name
		ADDED from src\main\AndroidManifest.xml:46:13-41
activity#com.urban.basicsample.AddStudentActivity
ADDED from src\main\AndroidManifest.xml:50:9-54:20
	android:screenOrientation
		ADDED from src\main\AndroidManifest.xml:53:13-49
	android:label
		ADDED from src\main\AndroidManifest.xml:52:13-63
	android:name
		ADDED from src\main\AndroidManifest.xml:51:13-47
activity#com.urban.basicsample.ScanActivity
ADDED from src\main\AndroidManifest.xml:55:9-59:20
	android:screenOrientation
		ADDED from src\main\AndroidManifest.xml:58:13-55
	android:label
		ADDED from src\main\AndroidManifest.xml:57:13-56
	android:name
		ADDED from src\main\AndroidManifest.xml:56:13-41
activity#com.urban.basicsample.ListActivity
ADDED from src\main\AndroidManifest.xml:60:9-63:20
	android:label
		ADDED from src\main\AndroidManifest.xml:62:13-56
	android:name
		ADDED from src\main\AndroidManifest.xml:61:13-41
activity#com.urban.basicsample.ListDetails
ADDED from src\main\AndroidManifest.xml:64:9-67:20
	android:label
		ADDED from src\main\AndroidManifest.xml:66:13-64
	android:name
		ADDED from src\main\AndroidManifest.xml:65:13-40
activity#com.urban.basicsample.StudentListActivity
ADDED from src\main\AndroidManifest.xml:68:9-71:20
	android:label
		ADDED from src\main\AndroidManifest.xml:70:13-64
	android:name
		ADDED from src\main\AndroidManifest.xml:69:13-48
activity#com.urban.basicsample.StudentAttListActivity
ADDED from src\main\AndroidManifest.xml:72:9-75:20
	android:label
		ADDED from src\main\AndroidManifest.xml:74:13-68
	android:name
		ADDED from src\main\AndroidManifest.xml:73:13-51
activity#com.ipaulpro.afilechooser.FileChooserActivity
ADDED from src\main\AndroidManifest.xml:76:9-90:20
	android:enabled
		ADDED from src\main\AndroidManifest.xml:78:13-49
	android:label
		ADDED from src\main\AndroidManifest.xml:81:13-48
	android:exported
		ADDED from src\main\AndroidManifest.xml:79:13-36
	android:icon
		ADDED from src\main\AndroidManifest.xml:80:13-48
	android:name
		ADDED from src\main\AndroidManifest.xml:77:13-73
intent-filter#action:name:android.intent.action.GET_CONTENT+category:name:android.intent.category.DEFAULT+category:name:android.intent.category.OPENABLE+data:mimeType:*/*
ADDED from src\main\AndroidManifest.xml:82:13-89:29
action#android.intent.action.GET_CONTENT
ADDED from src\main\AndroidManifest.xml:83:17-76
	android:name
		ADDED from src\main\AndroidManifest.xml:83:25-73
category#android.intent.category.DEFAULT
ADDED from src\main\AndroidManifest.xml:85:17-76
	android:name
		ADDED from src\main\AndroidManifest.xml:85:27-73
category#android.intent.category.OPENABLE
ADDED from src\main\AndroidManifest.xml:86:17-77
	android:name
		ADDED from src\main\AndroidManifest.xml:86:27-74
data
ADDED from src\main\AndroidManifest.xml:88:17-48
	android:mimeType
		ADDED from src\main\AndroidManifest.xml:88:23-45
activity#com.urban.basicsample.ChangePassActivity
ADDED from src\main\AndroidManifest.xml:91:9-94:20
	android:label
		ADDED from src\main\AndroidManifest.xml:93:13-63
	android:name
		ADDED from src\main\AndroidManifest.xml:92:13-47
activity#com.urban.basicsample.StudentActivity
ADDED from src\main\AndroidManifest.xml:95:9-98:20
	android:label
		ADDED from src\main\AndroidManifest.xml:97:13-59
	android:name
		ADDED from src\main\AndroidManifest.xml:96:13-44
activity#com.urban.basicsample.ChangeStudentActivity
ADDED from src\main\AndroidManifest.xml:99:9-102:20
	android:label
		ADDED from src\main\AndroidManifest.xml:101:13-66
	android:name
		ADDED from src\main\AndroidManifest.xml:100:13-50
uses-sdk
INJECTED from src\main\AndroidManifest.xml reason: use-sdk injection requested
INJECTED from src\main\AndroidManifest.xml
INJECTED from src\main\AndroidManifest.xml
MERGED from [:aFileChooser] AndroidManifest.xml:20:5-22:40
MERGED from [:aFileChooser] AndroidManifest.xml:20:5-22:40
INJECTED from src\main\AndroidManifest.xml
INJECTED from src\main\AndroidManifest.xml
	android:targetSdkVersion
		INJECTED from src\main\AndroidManifest.xml
		ADDED from src\main\AndroidManifest.xml
		INJECTED from src\main\AndroidManifest.xml
	android:minSdkVersion
		INJECTED from src\main\AndroidManifest.xml
		ADDED from src\main\AndroidManifest.xml
		INJECTED from src\main\AndroidManifest.xml